<?xml version="1.0" encoding="UTF-8"?>
<!-- Generated by org.testng.reporters.JUnitReportReporter -->
<testsuite hostname="MWDH-Work2" failures="0" tests="1" name="ass4W9D5.ChromWhebDriverAss4W9D5" time="9.250" errors="0" timestamp="2022-08-06T21:47:29 AST" skipped="0">
  <testcase classname="ass4W9D5.ChromWhebDriverAss4W9D5" name="LearnEnglishWebSite" time="9.250"/>
  <system-out/>
</testsuite> <!-- ass4W9D5.ChromWhebDriverAss4W9D5 -->
